<?xml version="1.0" encoding="UTF-8"?>
<!-- Generated by org.testng.reporters.JUnitXMLReporter -->
<testsuite hostname="DESKTOP-VDRSD1O" ignored="0" name="Default test" tests="8" failures="0" timestamp="2022-01-08T19:39:38 IST" time="0.095" errors="0">
  <testcase name="f" time="0.009" classname="dataPackage.NewTest"/>
  <testcase name="f" time="0.002" classname="dataPackage.NewTest"/>
  <testcase name="f" time="0.002" classname="dataPackage.NewTest"/>
  <testcase name="f" time="0.003" classname="dataPackage.NewTest"/>
  <testcase name="test1" time="0.003" classname="dataPackage.NewTest"/>
  <testcase name="test1" time="0.002" classname="dataPackage.NewTest"/>
  <testcase name="test12" time="0.003" classname="dataPackage.NewTest"/>
  <testcase name="test12" time="0.004" classname="dataPackage.NewTest"/>
</testsuite> <!-- Default test -->
