<?xml version="1.0" encoding="UTF-8"?>
<testng-results ignored="0" total="1" passed="1" failed="0" skipped="0">
  <reporter-output>
  </reporter-output>
  <suite started-at="2022-01-18T20:41:39 IST" name="Default suite" finished-at="2022-01-18T20:43:08 IST" duration-ms="88249">
    <groups>
    </groups>
    <test started-at="2022-01-18T20:41:39 IST" name="Default test" finished-at="2022-01-18T20:43:08 IST" duration-ms="88249">
      <class name="TestCases.LoginTC">
        <test-method is-config="true" signature="initWeb()[pri:0, instance:TestCases.LoginTC@a530d0a]" started-at="2022-01-18T20:41:40 IST" name="initWeb" finished-at="2022-01-18T20:43:02 IST" duration-ms="82682" status="PASS">
          <reporter-output>
          </reporter-output>
        </test-method> <!-- initWeb -->
        <test-method signature="logintest()[pri:0, instance:TestCases.LoginTC@a530d0a]" started-at="2022-01-18T20:43:02 IST" name="logintest" finished-at="2022-01-18T20:43:08 IST" duration-ms="5511" status="PASS">
          <reporter-output>
          </reporter-output>
        </test-method> <!-- logintest -->
        <test-method is-config="true" signature="driverClose()[pri:0, instance:TestCases.LoginTC@a530d0a]" started-at="2022-01-18T20:43:08 IST" name="driverClose" finished-at="2022-01-18T20:43:08 IST" duration-ms="1" status="PASS">
          <reporter-output>
          </reporter-output>
        </test-method> <!-- driverClose -->
      </class> <!-- TestCases.LoginTC -->
    </test> <!-- Default test -->
  </suite> <!-- Default suite -->
</testng-results>
